Removed Pin From Net: NetName=NetC2_1 Pin=C4-1
Removed Pin From Net: NetName=GND Pin=C4-2
Removed Member From Class: ClassName=schematic6 Member=C4
Change Component Footprint: Designator=R9 Old Footprint=AXIAL-0.3 New Footprint=AXIAL-0.4
Change Component Footprint: Designator=R19 Old Footprint=AXIAL-0.3 New Footprint=AXIAL-0.4
Change Component Footprint: Designator=R20 Old Footprint=AXIAL-0.3 New Footprint=AXIAL-0.4
Change Component Footprint: Designator=R1 Old Footprint=AXIAL-0.4 New Footprint=AXIAL-0.3
Change Component Footprint: Designator=R2 Old Footprint=AXIAL-0.4 New Footprint=AXIAL-0.3
Change Component Footprint: Designator=R16 Old Footprint=AXIAL-0.4 New Footprint=AXIAL-0.3
Change Component Comment : Designator=D10 Old Comment=10V New Comment=11V
Change Component Comment : Designator=C1 Old Comment=Cap2 New Comment=
Change Component Comment : Designator=C5 Old Comment=Cap2 New Comment=
Change Component Comment : Designator=C2 Old Comment=Cap Pol1 New Comment=4.7mF
Change Component Comment : Designator=C3 Old Comment=Cap Pol1 New Comment=4.7mF
Change Component Comment : Designator=D8 Old Comment=Diode 1N5408 New Comment=1N4007G
Change Component Comment : Designator=D1 Old Comment=Diode 1N5408 New Comment=Diode MBR1045
Change Component Comment : Designator=D2 Old Comment=Diode 1N5408 New Comment=Diode MBR1045
Change Component Comment : Designator=D3 Old Comment=Diode 1N5408 New Comment=Diode MBR1045
Change Component Comment : Designator=D4 Old Comment=Diode 1N5408 New Comment=Diode MBR1045
Change Component Comment : Designator=D7 Old Comment=Diode 11DQ03 New Comment=1N5817G
Change Component Comment : Designator=D9 Old Comment=Diode 11DQ03 New Comment=10SQ050 
Change Component Comment : Designator=D6 Old Comment=Diode 11DQ03 New Comment=BAT85
Change Component Comment : Designator=Q6 Old Comment=NPN New Comment=BC547BG
Change Component Comment : Designator=Q7 Old Comment=NPN New Comment=BC547BG
Change Component Comment : Designator=Q10 Old Comment=PNP1 New Comment=TIP125G
Change Component Comment : Designator=R6 Old Comment=Res1 New Comment=
Change Component Comment : Designator=R7 Old Comment=Res1 New Comment=
Change Component Comment : Designator=R9 Old Comment=Res1 New Comment=
Change Component Comment : Designator=R11 Old Comment=Res1 New Comment=
Change Component Comment : Designator=R12 Old Comment=Res1 New Comment=
Change Component Comment : Designator=R13 Old Comment=Res1 New Comment=
Change Component Comment : Designator=R14 Old Comment=Res1 New Comment=
Change Component Comment : Designator=R15 Old Comment=Res1 New Comment=
Change Component Comment : Designator=R19 Old Comment=Res1 New Comment=
Change Component Comment : Designator=R20 Old Comment=Res1 New Comment=
Change Component Comment : Designator=R18 Old Comment=Res2 New Comment=1
Change Component Comment : Designator=R1 Old Comment=Res2 New Comment=
Change Component Comment : Designator=R2 Old Comment=Res2 New Comment=
Change Component Comment : Designator=R4 Old Comment=Res2 New Comment=
Change Component Comment : Designator=R16 Old Comment=Res2 New Comment=
Change Component Comment : Designator=R3 Old Comment=Res Semi New Comment=0.56
Change Component Comment : Designator=R8 Old Comment=RPot New Comment=
Change Component Comment : Designator=S1 Old Comment=SCR New Comment=BT151
Change Component Comment : Designator=Q1 Old Comment=TIP3055 New Comment=TIP3055G
Change Component Comment : Designator=Q2 Old Comment=TIP3055 New Comment=TIP3055G
Change Component Comment : Designator=Q3 Old Comment=TIP3055 New Comment=TIP3055G
Change Component Comment : Designator=Q4 Old Comment=TIP3055 New Comment=TIP3055G
Change Component Comment : Designator=Q5 Old Comment=TIP3055 New Comment=TIP3055G
Change component parameters: Designator = "R1" ("R1"); Footprint = "AXIAL-0.4"; UniqueID = "\TDWTDASV" ("\TDWTDASV")
Change component parameters (AddParameter): Name = "LatestRevisionDate"; Value = "17-Jul-2002"; VariantName = "[No Variations]"
Change component parameters (AddParameter): Name = "LatestRevisionNote"; Value = "Re-released for DXP Platform."; VariantName = "[No Variations]"
Change component parameters (AddParameter): Name = "PackageDescription"; Value = "Axial Device, Thru-Hole; 2 Leads; 0.3 in Pin Spacing"; VariantName = "[No Variations]"
Change component parameters (AddParameter): Name = "PackageReference"; Value = "AXIAL-0.3"; VariantName = "[No Variations]"
Change component parameters (AddParameter): Name = "Published"; Value = "8-Jun-2000"; VariantName = "[No Variations]"
Change component parameters (AddParameter): Name = "Publisher"; Value = "Altium Limited"; VariantName = "[No Variations]"
Change component parameters (AddParameter): Name = "Value"; Value = "1K"; VariantName = "[No Variations]"
Change component parameters: Designator = "R2" ("R2"); Footprint = "AXIAL-0.4"; UniqueID = "\QKMXTKSJ" ("\QKMXTKSJ")
Change component parameters (AddParameter): Name = "LatestRevisionDate"; Value = "17-Jul-2002"; VariantName = "[No Variations]"
Change component parameters (AddParameter): Name = "LatestRevisionNote"; Value = "Re-released for DXP Platform."; VariantName = "[No Variations]"
Change component parameters (AddParameter): Name = "PackageDescription"; Value = "Axial Device, Thru-Hole; 2 Leads; 0.3 in Pin Spacing"; VariantName = "[No Variations]"
Change component parameters (AddParameter): Name = "PackageReference"; Value = "AXIAL-0.3"; VariantName = "[No Variations]"
Change component parameters (AddParameter): Name = "Published"; Value = "8-Jun-2000"; VariantName = "[No Variations]"
Change component parameters (AddParameter): Name = "Publisher"; Value = "Altium Limited"; VariantName = "[No Variations]"
Change component parameters (AddParameter): Name = "Value"; Value = "1K"; VariantName = "[No Variations]"
Change component parameters: Designator = "R9" ("R9"); Footprint = "AXIAL-0.3"; UniqueID = "\CGQDGBXL" ("\CGQDGBXL")
Change component parameters (AddParameter): Name = "LatestRevisionDate"; Value = "17-Jul-2002"; VariantName = "[No Variations]"
Change component parameters (AddParameter): Name = "LatestRevisionNote"; Value = "Re-released for DXP Platform."; VariantName = "[No Variations]"
Change component parameters (AddParameter): Name = "PackageDescription"; Value = "Axial Device, Thru-Hole; 2 Leads; 0.4 in Pin Spacing"; VariantName = "[No Variations]"
Change component parameters (AddParameter): Name = "PackageReference"; Value = "AXIAL-0.4"; VariantName = "[No Variations]"
Change component parameters (AddParameter): Name = "Published"; Value = "8-Jun-2000"; VariantName = "[No Variations]"
Change component parameters (AddParameter): Name = "Publisher"; Value = "Altium Limited"; VariantName = "[No Variations]"
Change component parameters (AddParameter): Name = "Value"; Value = "3.3K"; VariantName = "[No Variations]"
Change component parameters: Designator = "R19" ("R19"); Footprint = "AXIAL-0.3"; UniqueID = "\XZFHHQEZ" ("\XZFHHQEZ")
Change component parameters (AddParameter): Name = "LatestRevisionDate"; Value = "17-Jul-2002"; VariantName = "[No Variations]"
Change component parameters (AddParameter): Name = "LatestRevisionNote"; Value = "Re-released for DXP Platform."; VariantName = "[No Variations]"
Change component parameters (AddParameter): Name = "PackageDescription"; Value = "Axial Device, Thru-Hole; 2 Leads; 0.4 in Pin Spacing"; VariantName = "[No Variations]"
Change component parameters (AddParameter): Name = "PackageReference"; Value = "AXIAL-0.4"; VariantName = "[No Variations]"
Change component parameters (AddParameter): Name = "Published"; Value = "8-Jun-2000"; VariantName = "[No Variations]"
Change component parameters (AddParameter): Name = "Publisher"; Value = "Altium Limited"; VariantName = "[No Variations]"
Change component parameters (AddParameter): Name = "Value"; Value = "6.8K"; VariantName = "[No Variations]"
Change component parameters: Designator = "R20" ("R20"); Footprint = "AXIAL-0.3"; UniqueID = "\MOETHBEU" ("\MOETHBEU")
Change component parameters (AddParameter): Name = "LatestRevisionDate"; Value = "17-Jul-2002"; VariantName = "[No Variations]"
Change component parameters (AddParameter): Name = "LatestRevisionNote"; Value = "Re-released for DXP Platform."; VariantName = "[No Variations]"
Change component parameters (AddParameter): Name = "PackageDescription"; Value = "Axial Device, Thru-Hole; 2 Leads; 0.4 in Pin Spacing"; VariantName = "[No Variations]"
Change component parameters (AddParameter): Name = "PackageReference"; Value = "AXIAL-0.4"; VariantName = "[No Variations]"
Change component parameters (AddParameter): Name = "Published"; Value = "8-Jun-2000"; VariantName = "[No Variations]"
Change component parameters (AddParameter): Name = "Publisher"; Value = "Altium Limited"; VariantName = "[No Variations]"
Change component parameters (AddParameter): Name = "Value"; Value = "3.3K"; VariantName = "[No Variations]"
Change component parameters: Designator = "R16" ("R16"); Footprint = "AXIAL-0.4"; UniqueID = "\GVCBFSAP" ("\GVCBFSAP")
Change component parameters (AddParameter): Name = "LatestRevisionDate"; Value = "17-Jul-2002"; VariantName = "[No Variations]"
Change component parameters (AddParameter): Name = "LatestRevisionNote"; Value = "Re-released for DXP Platform."; VariantName = "[No Variations]"
Change component parameters (AddParameter): Name = "PackageDescription"; Value = "Axial Device, Thru-Hole; 2 Leads; 0.3 in Pin Spacing"; VariantName = "[No Variations]"
Change component parameters (AddParameter): Name = "PackageReference"; Value = "AXIAL-0.3"; VariantName = "[No Variations]"
Change component parameters (AddParameter): Name = "Published"; Value = "8-Jun-2000"; VariantName = "[No Variations]"
Change component parameters (AddParameter): Name = "Publisher"; Value = "Altium Limited"; VariantName = "[No Variations]"
Change component parameters (AddParameter): Name = "Value"; Value = "1K"; VariantName = "[No Variations]"
Change component parameters: Designator = "C2" ("C2"); Footprint = "RB7.6-15"; UniqueID = "\DKTSSBTB" ("\DKTSSBTB")
Change component parameters: Designator = "C3" ("C3"); Footprint = "RB7.6-15"; UniqueID = "\TAXKCHMW" ("\TAXKCHMW")
Change component parameters: Designator = "R3" ("R3"); Footprint = "AXIAL-0.5"; UniqueID = "\RDSRLIEW" ("\RDSRLIEW")
Change component parameters: Designator = "R18" ("R18"); Footprint = "AXIAL-0.4"; UniqueID = "\IFDJFQKP" ("\IFDJFQKP")
Change Class Name : Old Net Name=schematic6 New Net Name=Main_cct.
